
   INFO  Server running on [http://127.0.0.1:8000].  

  Press Ctrl+C to stop the server

  2026-06-25 00:05:10 ........................................................................................... ~ 1s
  2026-06-25 00:05:40 ........................................................................................... ~ 1s
  2026-06-25 00:05:41 /css/app.css .............................................................................. ~ 0s
  2026-06-25 00:05:41 /favicon.ico .............................................................................. ~ 0s
  2026-06-25 00:05:44 ........................................................................................... ~ 1s
  2026-06-25 00:05:45 ........................................................................................... ~ 1s
  2026-06-25 00:05:46 /vendor/leaflet/leaflet.css ............................................................... ~ 0s
  2026-06-25 00:05:46 /css/app.css?v=1782324745 ................................................................. ~ 0s
  2026-06-25 00:05:46 /js/app.js?v=1782324745 ................................................................... ~ 0s
  2026-06-25 00:05:46 ........................................................................................... ~ 0s
  2026-06-25 00:05:46 /favicon.ico .............................................................................. ~ 0s

   INFO  Environment modified. Restarting server...  

   INFO  Server running on [http://127.0.0.1:8000].  

  Press Ctrl+C to stop the server


   INFO  Environment modified. Restarting server...  

   INFO  Server running on [http://127.0.0.1:8000].  

  Press Ctrl+C to stop the server


   INFO  Environment modified. Restarting server...  

   INFO  Server running on [http://127.0.0.1:8000].  

  Press Ctrl+C to stop the server

  2026-06-25 00:08:47 ........................................................................................... ~ 1s
  2026-06-25 00:08:48 ........................................................................................... ~ 0s
  2026-06-25 00:08:49 ........................................................................................... ~ 0s
  2026-06-25 00:08:49 /vendor/leaflet/leaflet.css ............................................................... ~ 0s
  2026-06-25 00:08:49 /css/app.css?v=1782324745 ................................................................. ~ 0s
  2026-06-25 00:08:49 /js/app.js?v=1782324745 ................................................................... ~ 0s
  2026-06-25 00:08:49 ........................................................................................... ~ 1s
  2026-06-25 00:08:50 /favicon.ico .............................................................................. ~ 0s
  2026-06-25 00:08:52 ........................................................................................... ~ 1s
  2026-06-25 00:08:53 /vendor/leaflet/leaflet.css ............................................................... ~ 0s
  2026-06-25 00:08:53 ........................................................................................... ~ 0s
  2026-06-25 00:08:53 ........................................................................................... ~ 1s
  2026-06-25 00:08:53 ........................................................................................... ~ 1s
  2026-06-25 00:08:54 ........................................................................................... ~ 0s
  2026-06-25 00:08:53 /css/app.css?v=1782324745 ................................................................. ~ 1s
  2026-06-25 00:08:54 /js/app.js?v=1782324745 ................................................................... ~ 0s
  2026-06-25 00:08:54 ........................................................................................... ~ 1s
  2026-06-25 00:08:55 /vendor/leaflet/leaflet.js ................................................................ ~ 0s
  2026-06-25 00:08:56 /favicon.ico .............................................................................. ~ 0s
  2026-06-25 00:09:07 ........................................................................................... ~ 0s
  2026-06-25 00:09:07 ........................................................................................... ~ 1s
